ARM GAS  C:\Users\user\AppData\Local\Temp\cc2ayPlg.s 			page 1


   1              		.syntax unified
   2              		.cpu cortex-m0
   3              		.fpu softvfp
   4              		.eabi_attribute 20, 1
   5              		.eabi_attribute 21, 1
   6              		.eabi_attribute 23, 3
   7              		.eabi_attribute 24, 1
   8              		.eabi_attribute 25, 1
   9              		.eabi_attribute 26, 1
  10              		.eabi_attribute 30, 1
  11              		.eabi_attribute 34, 0
  12              		.eabi_attribute 18, 4
  13              		.thumb
  14              		.syntax unified
  15              		.file	"main.c"
  16              		.text
  17              	.Ltext0:
  18              		.cfi_sections	.debug_frame
  19              		.section	.text.main,"ax",%progbits
  20              		.align	2
  21              		.global	main
  22              		.code	16
  23              		.thumb_func
  24              		.type	main, %function
  25              	main:
  26              	.LFB32:
  27              		.file 1 "main.c"
   1:main.c        **** /* ========================================
   2:main.c        ****  *
   3:main.c        ****  * Copyright YOUR COMPANY, THE YEAR
   4:main.c        ****  * All Rights Reserved
   5:main.c        ****  * UNPUBLISHED, LICENSED SOFTWARE.
   6:main.c        ****  *
   7:main.c        ****  * CONFIDENTIAL AND PROPRIETARY INFORMATION
   8:main.c        ****  * WHICH IS THE PROPERTY OF your company.
   9:main.c        ****  *
  10:main.c        ****  * ========================================
  11:main.c        **** */
  12:main.c        **** #include "project.h"
  13:main.c        **** 
  14:main.c        **** int main(void)
  15:main.c        **** {
  28              		.loc 1 15 0
  29              		.cfi_startproc
  30              		@ args = 0, pretend = 0, frame = 0
  31              		@ frame_needed = 0, uses_anonymous_args = 0
  32 0000 10B5     		push	{r4, lr}
  33              		.cfi_def_cfa_offset 8
  34              		.cfi_offset 4, -8
  35              		.cfi_offset 14, -4
  16:main.c        ****     CyGlobalIntEnable;
  36              		.loc 1 16 0
  37              		.syntax divided
  38              	@ 16 "main.c" 1
  39 0002 62B6     		CPSIE   i
  40              	@ 0 "" 2
  17:main.c        ****        Pin_A_Write(0); // LCD Displayin arka ışıkları olan A ve K pinlerini sırası ile low ve
ARM GAS  C:\Users\user\AppData\Local\Temp\cc2ayPlg.s 			page 2


  41              		.loc 1 17 0
  42              		.thumb
  43              		.syntax unified
  44 0004 0020     		movs	r0, #0
  45 0006 FFF7FEFF 		bl	Pin_A_Write
  46              	.LVL0:
  18:main.c        ****       Pin_K_Write(1); 
  47              		.loc 1 18 0
  48 000a 0120     		movs	r0, #1
  49 000c FFF7FEFF 		bl	Pin_K_Write
  50              	.LVL1:
  19:main.c        ****        LCD_Start();    // LCD başlatma komutu
  51              		.loc 1 19 0
  52 0010 FFF7FEFF 		bl	LCD_Start
  53              	.LVL2:
  20:main.c        ****        LCD_DisplayOn(); //  LCD modülünü açma komutu
  54              		.loc 1 20 0
  55 0014 0C20     		movs	r0, #12
  56 0016 FFF7FEFF 		bl	LCD_WriteControl
  57              	.LVL3:
  21:main.c        ****     
  22:main.c        ****     int j=2;            // LCD konum ayarlaması için değişken  tanımlandı
  23:main.c        ****     {
  24:main.c        ****         for(j=2; j<8; j++) //konum aralığı belirtilmiştir.
  58              		.loc 1 24 0
  59 001a 0224     		movs	r4, #2
  60 001c 0EE0     		b	.L2
  61              	.LVL4:
  62              	.L3:
  25:main.c        **** {
  26:main.c        **** 
  27:main.c        ****        LCD_Position(0,j); //döngüde j'ye göre soldan sağa kayan yazı konumu  belirleme
  63              		.loc 1 27 0 discriminator 3
  64 001e E1B2     		uxtb	r1, r4
  65 0020 0020     		movs	r0, #0
  66 0022 FFF7FEFF 		bl	LCD_Position
  67              	.LVL5:
  28:main.c        ****        LCD_PrintString("Irem"); //LCD Display yazdırma komutu
  68              		.loc 1 28 0 discriminator 3
  69 0026 1148     		ldr	r0, .L6
  70 0028 FFF7FEFF 		bl	LCD_PrintString
  71              	.LVL6:
  29:main.c        ****        CyDelay(500); //500 ms bekleme fonksiyonu
  72              		.loc 1 29 0 discriminator 3
  73 002c FA20     		movs	r0, #250
  74 002e 4000     		lsls	r0, r0, #1
  75 0030 FFF7FEFF 		bl	CyDelay
  76              	.LVL7:
  30:main.c        ****        LCD_ClearDisplay(); // İşlem bitince LCD ekranı temizlenir.
  77              		.loc 1 30 0 discriminator 3
  78 0034 0120     		movs	r0, #1
  79 0036 FFF7FEFF 		bl	LCD_WriteControl
  80              	.LVL8:
  24:main.c        **** {
  81              		.loc 1 24 0 discriminator 3
  82 003a 0134     		adds	r4, r4, #1
  83              	.LVL9:
ARM GAS  C:\Users\user\AppData\Local\Temp\cc2ayPlg.s 			page 3


  84              	.L2:
  24:main.c        **** {
  85              		.loc 1 24 0 is_stmt 0 discriminator 1
  86 003c 072C     		cmp	r4, #7
  87 003e EEDD     		ble	.L3
  88 0040 0624     		movs	r4, #6
  89              	.LVL10:
  90 0042 0EE0     		b	.L4
  91              	.LVL11:
  92              	.L5:
  31:main.c        ****        
  32:main.c        **** }     j=6;        //Sağdan sola kayan yazının başladığı yer için tekrar konum ataması 
  33:main.c        ****         for(j=6; j>1; j--) // döngüde sağdan sola kayan yazı için for döngüsü
  34:main.c        **** {
  35:main.c        **** 
  36:main.c        ****        LCD_Position(0,j);   //Döngüde j'ye göre sağdan sola kayan yazı konumu belirleme
  93              		.loc 1 36 0 is_stmt 1 discriminator 3
  94 0044 E1B2     		uxtb	r1, r4
  95 0046 0020     		movs	r0, #0
  96 0048 FFF7FEFF 		bl	LCD_Position
  97              	.LVL12:
  37:main.c        ****        LCD_PrintString("Irem"); //Kayan yazı LCD yazdırma komutu.
  98              		.loc 1 37 0 discriminator 3
  99 004c 0748     		ldr	r0, .L6
 100 004e FFF7FEFF 		bl	LCD_PrintString
 101              	.LVL13:
  38:main.c        ****        CyDelay(500);
 102              		.loc 1 38 0 discriminator 3
 103 0052 FA20     		movs	r0, #250
 104 0054 4000     		lsls	r0, r0, #1
 105 0056 FFF7FEFF 		bl	CyDelay
 106              	.LVL14:
  39:main.c        ****        LCD_ClearDisplay(); //Ekran, döngü bitince temizlenir.
 107              		.loc 1 39 0 discriminator 3
 108 005a 0120     		movs	r0, #1
 109 005c FFF7FEFF 		bl	LCD_WriteControl
 110              	.LVL15:
  33:main.c        **** {
 111              		.loc 1 33 0 discriminator 3
 112 0060 013C     		subs	r4, r4, #1
 113              	.LVL16:
 114              	.L4:
  33:main.c        **** {
 115              		.loc 1 33 0 is_stmt 0 discriminator 1
 116 0062 012C     		cmp	r4, #1
 117 0064 EEDC     		bgt	.L5
  40:main.c        ****        
  41:main.c        **** } 
  42:main.c        ****                /*************** COUNTER *****************************/
  43:main.c        **** 
  44:main.c        ****   /*  int i=0;             //for döngüsü için değişken tanımlanır.
  45:main.c        ****        for(i=0;i<100;i++)  //0-99 değerleri için for döngüsü oluşturulur.
  46:main.c        ****     {
  47:main.c        ****        
  48:main.c        ****         LCD_Position(1,0); //Yazı konumu belirlenir.
  49:main.c        ****         LCD_PrintNumber(i); //LCD ekrana değişkenin değeri yazdırılır.
  50:main.c        ****         
ARM GAS  C:\Users\user\AppData\Local\Temp\cc2ayPlg.s 			page 4


  51:main.c        ****         
  52:main.c        ****         CyDelay(1000); //Gecikme fonksiyonu ile ekrana geliş hızları düzenlenir.
  53:main.c        ****     }
  54:main.c        ****        */
  55:main.c        ****        
  56:main.c        ****        
  57:main.c        ****     }
  58:main.c        ****     
  59:main.c        ****     }...
 118              		.loc 1 59 0 is_stmt 1
 119 0066 0020     		movs	r0, #0
 120              		@ sp needed
 121              	.LVL17:
 122 0068 10BD     		pop	{r4, pc}
 123              	.L7:
 124 006a C046     		.align	2
 125              	.L6:
 126 006c 00000000 		.word	.LC0
 127              		.cfi_endproc
 128              	.LFE32:
 129              		.size	main, .-main
 130              		.section	.rodata.str1.4,"aMS",%progbits,1
 131              		.align	2
 132              	.LC0:
 133 0000 4972656D 		.ascii	"Irem\000"
 133      00
 134              		.text
 135              	.Letext0:
 136              		.file 2 "Generated_Source\\PSoC4/Pin_A.h"
 137              		.file 3 "Generated_Source\\PSoC4/Pin_K.h"
 138              		.file 4 "Generated_Source\\PSoC4/LCD.h"
 139              		.file 5 "Generated_Source\\PSoC4/CyLib.h"
 140              		.section	.debug_info,"",%progbits
 141              	.Ldebug_info0:
 142 0000 ED010000 		.4byte	0x1ed
 143 0004 0400     		.2byte	0x4
 144 0006 00000000 		.4byte	.Ldebug_abbrev0
 145 000a 04       		.byte	0x4
 146 000b 01       		.uleb128 0x1
 147 000c FE000000 		.4byte	.LASF21
 148 0010 0C       		.byte	0xc
 149 0011 1B000000 		.4byte	.LASF22
 150 0015 27000000 		.4byte	.LASF23
 151 0019 00000000 		.4byte	.Ldebug_ranges0+0
 152 001d 00000000 		.4byte	0
 153 0021 00000000 		.4byte	.Ldebug_line0
 154 0025 02       		.uleb128 0x2
 155 0026 01       		.byte	0x1
 156 0027 06       		.byte	0x6
 157 0028 9F010000 		.4byte	.LASF0
 158 002c 02       		.uleb128 0x2
 159 002d 01       		.byte	0x1
 160 002e 08       		.byte	0x8
 161 002f CE000000 		.4byte	.LASF1
 162 0033 02       		.uleb128 0x2
 163 0034 02       		.byte	0x2
 164 0035 05       		.byte	0x5
ARM GAS  C:\Users\user\AppData\Local\Temp\cc2ayPlg.s 			page 5


 165 0036 B7010000 		.4byte	.LASF2
 166 003a 02       		.uleb128 0x2
 167 003b 02       		.byte	0x2
 168 003c 07       		.byte	0x7
 169 003d 8C010000 		.4byte	.LASF3
 170 0041 02       		.uleb128 0x2
 171 0042 04       		.byte	0x4
 172 0043 05       		.byte	0x5
 173 0044 E1000000 		.4byte	.LASF4
 174 0048 02       		.uleb128 0x2
 175 0049 04       		.byte	0x4
 176 004a 07       		.byte	0x7
 177 004b 78000000 		.4byte	.LASF5
 178 004f 02       		.uleb128 0x2
 179 0050 08       		.byte	0x8
 180 0051 05       		.byte	0x5
 181 0052 00000000 		.4byte	.LASF6
 182 0056 02       		.uleb128 0x2
 183 0057 08       		.byte	0x8
 184 0058 07       		.byte	0x7
 185 0059 96000000 		.4byte	.LASF7
 186 005d 03       		.uleb128 0x3
 187 005e 04       		.byte	0x4
 188 005f 05       		.byte	0x5
 189 0060 696E7400 		.ascii	"int\000"
 190 0064 02       		.uleb128 0x2
 191 0065 04       		.byte	0x4
 192 0066 07       		.byte	0x7
 193 0067 0E000000 		.4byte	.LASF8
 194 006b 02       		.uleb128 0x2
 195 006c 04       		.byte	0x4
 196 006d 04       		.byte	0x4
 197 006e B7000000 		.4byte	.LASF9
 198 0072 02       		.uleb128 0x2
 199 0073 08       		.byte	0x8
 200 0074 04       		.byte	0x4
 201 0075 EA000000 		.4byte	.LASF10
 202 0079 02       		.uleb128 0x2
 203 007a 01       		.byte	0x1
 204 007b 08       		.byte	0x8
 205 007c DC000000 		.4byte	.LASF11
 206 0080 02       		.uleb128 0x2
 207 0081 04       		.byte	0x4
 208 0082 07       		.byte	0x7
 209 0083 C1010000 		.4byte	.LASF12
 210 0087 02       		.uleb128 0x2
 211 0088 08       		.byte	0x8
 212 0089 04       		.byte	0x4
 213 008a AB010000 		.4byte	.LASF13
 214 008e 04       		.uleb128 0x4
 215 008f 22000000 		.4byte	.LASF24
 216 0093 01       		.byte	0x1
 217 0094 0E       		.byte	0xe
 218 0095 5D000000 		.4byte	0x5d
 219 0099 00000000 		.4byte	.LFB32
 220 009d 70000000 		.4byte	.LFE32-.LFB32
 221 00a1 01       		.uleb128 0x1
ARM GAS  C:\Users\user\AppData\Local\Temp\cc2ayPlg.s 			page 6


 222 00a2 9C       		.byte	0x9c
 223 00a3 A3010000 		.4byte	0x1a3
 224 00a7 05       		.uleb128 0x5
 225 00a8 6A00     		.ascii	"j\000"
 226 00aa 01       		.byte	0x1
 227 00ab 16       		.byte	0x16
 228 00ac 5D000000 		.4byte	0x5d
 229 00b0 00000000 		.4byte	.LLST0
 230 00b4 06       		.uleb128 0x6
 231 00b5 0A000000 		.4byte	.LVL0
 232 00b9 A3010000 		.4byte	0x1a3
 233 00bd C7000000 		.4byte	0xc7
 234 00c1 07       		.uleb128 0x7
 235 00c2 01       		.uleb128 0x1
 236 00c3 50       		.byte	0x50
 237 00c4 01       		.uleb128 0x1
 238 00c5 30       		.byte	0x30
 239 00c6 00       		.byte	0
 240 00c7 06       		.uleb128 0x6
 241 00c8 10000000 		.4byte	.LVL1
 242 00cc AE010000 		.4byte	0x1ae
 243 00d0 DA000000 		.4byte	0xda
 244 00d4 07       		.uleb128 0x7
 245 00d5 01       		.uleb128 0x1
 246 00d6 50       		.byte	0x50
 247 00d7 01       		.uleb128 0x1
 248 00d8 31       		.byte	0x31
 249 00d9 00       		.byte	0
 250 00da 08       		.uleb128 0x8
 251 00db 14000000 		.4byte	.LVL2
 252 00df B9010000 		.4byte	0x1b9
 253 00e3 06       		.uleb128 0x6
 254 00e4 1A000000 		.4byte	.LVL3
 255 00e8 C4010000 		.4byte	0x1c4
 256 00ec F6000000 		.4byte	0xf6
 257 00f0 07       		.uleb128 0x7
 258 00f1 01       		.uleb128 0x1
 259 00f2 50       		.byte	0x50
 260 00f3 01       		.uleb128 0x1
 261 00f4 3C       		.byte	0x3c
 262 00f5 00       		.byte	0
 263 00f6 06       		.uleb128 0x6
 264 00f7 26000000 		.4byte	.LVL5
 265 00fb CF010000 		.4byte	0x1cf
 266 00ff 0F010000 		.4byte	0x10f
 267 0103 07       		.uleb128 0x7
 268 0104 01       		.uleb128 0x1
 269 0105 50       		.byte	0x50
 270 0106 01       		.uleb128 0x1
 271 0107 30       		.byte	0x30
 272 0108 07       		.uleb128 0x7
 273 0109 01       		.uleb128 0x1
 274 010a 51       		.byte	0x51
 275 010b 02       		.uleb128 0x2
 276 010c 74       		.byte	0x74
 277 010d 00       		.sleb128 0
 278 010e 00       		.byte	0
ARM GAS  C:\Users\user\AppData\Local\Temp\cc2ayPlg.s 			page 7


 279 010f 06       		.uleb128 0x6
 280 0110 2C000000 		.4byte	.LVL6
 281 0114 DA010000 		.4byte	0x1da
 282 0118 26010000 		.4byte	0x126
 283 011c 07       		.uleb128 0x7
 284 011d 01       		.uleb128 0x1
 285 011e 50       		.byte	0x50
 286 011f 05       		.uleb128 0x5
 287 0120 03       		.byte	0x3
 288 0121 00000000 		.4byte	.LC0
 289 0125 00       		.byte	0
 290 0126 06       		.uleb128 0x6
 291 0127 34000000 		.4byte	.LVL7
 292 012b E5010000 		.4byte	0x1e5
 293 012f 3B010000 		.4byte	0x13b
 294 0133 07       		.uleb128 0x7
 295 0134 01       		.uleb128 0x1
 296 0135 50       		.byte	0x50
 297 0136 03       		.uleb128 0x3
 298 0137 0A       		.byte	0xa
 299 0138 F401     		.2byte	0x1f4
 300 013a 00       		.byte	0
 301 013b 06       		.uleb128 0x6
 302 013c 3A000000 		.4byte	.LVL8
 303 0140 C4010000 		.4byte	0x1c4
 304 0144 4E010000 		.4byte	0x14e
 305 0148 07       		.uleb128 0x7
 306 0149 01       		.uleb128 0x1
 307 014a 50       		.byte	0x50
 308 014b 01       		.uleb128 0x1
 309 014c 31       		.byte	0x31
 310 014d 00       		.byte	0
 311 014e 06       		.uleb128 0x6
 312 014f 4C000000 		.4byte	.LVL12
 313 0153 CF010000 		.4byte	0x1cf
 314 0157 67010000 		.4byte	0x167
 315 015b 07       		.uleb128 0x7
 316 015c 01       		.uleb128 0x1
 317 015d 50       		.byte	0x50
 318 015e 01       		.uleb128 0x1
 319 015f 30       		.byte	0x30
 320 0160 07       		.uleb128 0x7
 321 0161 01       		.uleb128 0x1
 322 0162 51       		.byte	0x51
 323 0163 02       		.uleb128 0x2
 324 0164 74       		.byte	0x74
 325 0165 00       		.sleb128 0
 326 0166 00       		.byte	0
 327 0167 06       		.uleb128 0x6
 328 0168 52000000 		.4byte	.LVL13
 329 016c DA010000 		.4byte	0x1da
 330 0170 7E010000 		.4byte	0x17e
 331 0174 07       		.uleb128 0x7
 332 0175 01       		.uleb128 0x1
 333 0176 50       		.byte	0x50
 334 0177 05       		.uleb128 0x5
 335 0178 03       		.byte	0x3
ARM GAS  C:\Users\user\AppData\Local\Temp\cc2ayPlg.s 			page 8


 336 0179 00000000 		.4byte	.LC0
 337 017d 00       		.byte	0
 338 017e 06       		.uleb128 0x6
 339 017f 5A000000 		.4byte	.LVL14
 340 0183 E5010000 		.4byte	0x1e5
 341 0187 93010000 		.4byte	0x193
 342 018b 07       		.uleb128 0x7
 343 018c 01       		.uleb128 0x1
 344 018d 50       		.byte	0x50
 345 018e 03       		.uleb128 0x3
 346 018f 0A       		.byte	0xa
 347 0190 F401     		.2byte	0x1f4
 348 0192 00       		.byte	0
 349 0193 09       		.uleb128 0x9
 350 0194 60000000 		.4byte	.LVL15
 351 0198 C4010000 		.4byte	0x1c4
 352 019c 07       		.uleb128 0x7
 353 019d 01       		.uleb128 0x1
 354 019e 50       		.byte	0x50
 355 019f 01       		.uleb128 0x1
 356 01a0 31       		.byte	0x31
 357 01a1 00       		.byte	0
 358 01a2 00       		.byte	0
 359 01a3 0A       		.uleb128 0xa
 360 01a4 64000000 		.4byte	.LASF14
 361 01a8 64000000 		.4byte	.LASF14
 362 01ac 02       		.byte	0x2
 363 01ad 33       		.byte	0x33
 364 01ae 0A       		.uleb128 0xa
 365 01af 8A000000 		.4byte	.LASF15
 366 01b3 8A000000 		.4byte	.LASF15
 367 01b7 03       		.byte	0x3
 368 01b8 33       		.byte	0x33
 369 01b9 0A       		.uleb128 0xa
 370 01ba AD000000 		.4byte	.LASF16
 371 01be AD000000 		.4byte	.LASF16
 372 01c2 04       		.byte	0x4
 373 01c3 38       		.byte	0x38
 374 01c4 0A       		.uleb128 0xa
 375 01c5 BD000000 		.4byte	.LASF17
 376 01c9 BD000000 		.4byte	.LASF17
 377 01cd 04       		.byte	0x4
 378 01ce 3A       		.byte	0x3a
 379 01cf 0A       		.uleb128 0xa
 380 01d0 F1000000 		.4byte	.LASF18
 381 01d4 F1000000 		.4byte	.LASF18
 382 01d8 04       		.byte	0x4
 383 01d9 3D       		.byte	0x3d
 384 01da 0A       		.uleb128 0xa
 385 01db CA010000 		.4byte	.LASF19
 386 01df CA010000 		.4byte	.LASF19
 387 01e3 04       		.byte	0x4
 388 01e4 3C       		.byte	0x3c
 389 01e5 0A       		.uleb128 0xa
 390 01e6 70000000 		.4byte	.LASF20
 391 01ea 70000000 		.4byte	.LASF20
 392 01ee 05       		.byte	0x5
ARM GAS  C:\Users\user\AppData\Local\Temp\cc2ayPlg.s 			page 9


 393 01ef EC       		.byte	0xec
 394 01f0 00       		.byte	0
 395              		.section	.debug_abbrev,"",%progbits
 396              	.Ldebug_abbrev0:
 397 0000 01       		.uleb128 0x1
 398 0001 11       		.uleb128 0x11
 399 0002 01       		.byte	0x1
 400 0003 25       		.uleb128 0x25
 401 0004 0E       		.uleb128 0xe
 402 0005 13       		.uleb128 0x13
 403 0006 0B       		.uleb128 0xb
 404 0007 03       		.uleb128 0x3
 405 0008 0E       		.uleb128 0xe
 406 0009 1B       		.uleb128 0x1b
 407 000a 0E       		.uleb128 0xe
 408 000b 55       		.uleb128 0x55
 409 000c 17       		.uleb128 0x17
 410 000d 11       		.uleb128 0x11
 411 000e 01       		.uleb128 0x1
 412 000f 10       		.uleb128 0x10
 413 0010 17       		.uleb128 0x17
 414 0011 00       		.byte	0
 415 0012 00       		.byte	0
 416 0013 02       		.uleb128 0x2
 417 0014 24       		.uleb128 0x24
 418 0015 00       		.byte	0
 419 0016 0B       		.uleb128 0xb
 420 0017 0B       		.uleb128 0xb
 421 0018 3E       		.uleb128 0x3e
 422 0019 0B       		.uleb128 0xb
 423 001a 03       		.uleb128 0x3
 424 001b 0E       		.uleb128 0xe
 425 001c 00       		.byte	0
 426 001d 00       		.byte	0
 427 001e 03       		.uleb128 0x3
 428 001f 24       		.uleb128 0x24
 429 0020 00       		.byte	0
 430 0021 0B       		.uleb128 0xb
 431 0022 0B       		.uleb128 0xb
 432 0023 3E       		.uleb128 0x3e
 433 0024 0B       		.uleb128 0xb
 434 0025 03       		.uleb128 0x3
 435 0026 08       		.uleb128 0x8
 436 0027 00       		.byte	0
 437 0028 00       		.byte	0
 438 0029 04       		.uleb128 0x4
 439 002a 2E       		.uleb128 0x2e
 440 002b 01       		.byte	0x1
 441 002c 3F       		.uleb128 0x3f
 442 002d 19       		.uleb128 0x19
 443 002e 03       		.uleb128 0x3
 444 002f 0E       		.uleb128 0xe
 445 0030 3A       		.uleb128 0x3a
 446 0031 0B       		.uleb128 0xb
 447 0032 3B       		.uleb128 0x3b
 448 0033 0B       		.uleb128 0xb
 449 0034 27       		.uleb128 0x27
ARM GAS  C:\Users\user\AppData\Local\Temp\cc2ayPlg.s 			page 10


 450 0035 19       		.uleb128 0x19
 451 0036 49       		.uleb128 0x49
 452 0037 13       		.uleb128 0x13
 453 0038 11       		.uleb128 0x11
 454 0039 01       		.uleb128 0x1
 455 003a 12       		.uleb128 0x12
 456 003b 06       		.uleb128 0x6
 457 003c 40       		.uleb128 0x40
 458 003d 18       		.uleb128 0x18
 459 003e 9742     		.uleb128 0x2117
 460 0040 19       		.uleb128 0x19
 461 0041 01       		.uleb128 0x1
 462 0042 13       		.uleb128 0x13
 463 0043 00       		.byte	0
 464 0044 00       		.byte	0
 465 0045 05       		.uleb128 0x5
 466 0046 34       		.uleb128 0x34
 467 0047 00       		.byte	0
 468 0048 03       		.uleb128 0x3
 469 0049 08       		.uleb128 0x8
 470 004a 3A       		.uleb128 0x3a
 471 004b 0B       		.uleb128 0xb
 472 004c 3B       		.uleb128 0x3b
 473 004d 0B       		.uleb128 0xb
 474 004e 49       		.uleb128 0x49
 475 004f 13       		.uleb128 0x13
 476 0050 02       		.uleb128 0x2
 477 0051 17       		.uleb128 0x17
 478 0052 00       		.byte	0
 479 0053 00       		.byte	0
 480 0054 06       		.uleb128 0x6
 481 0055 898201   		.uleb128 0x4109
 482 0058 01       		.byte	0x1
 483 0059 11       		.uleb128 0x11
 484 005a 01       		.uleb128 0x1
 485 005b 31       		.uleb128 0x31
 486 005c 13       		.uleb128 0x13
 487 005d 01       		.uleb128 0x1
 488 005e 13       		.uleb128 0x13
 489 005f 00       		.byte	0
 490 0060 00       		.byte	0
 491 0061 07       		.uleb128 0x7
 492 0062 8A8201   		.uleb128 0x410a
 493 0065 00       		.byte	0
 494 0066 02       		.uleb128 0x2
 495 0067 18       		.uleb128 0x18
 496 0068 9142     		.uleb128 0x2111
 497 006a 18       		.uleb128 0x18
 498 006b 00       		.byte	0
 499 006c 00       		.byte	0
 500 006d 08       		.uleb128 0x8
 501 006e 898201   		.uleb128 0x4109
 502 0071 00       		.byte	0
 503 0072 11       		.uleb128 0x11
 504 0073 01       		.uleb128 0x1
 505 0074 31       		.uleb128 0x31
 506 0075 13       		.uleb128 0x13
ARM GAS  C:\Users\user\AppData\Local\Temp\cc2ayPlg.s 			page 11


 507 0076 00       		.byte	0
 508 0077 00       		.byte	0
 509 0078 09       		.uleb128 0x9
 510 0079 898201   		.uleb128 0x4109
 511 007c 01       		.byte	0x1
 512 007d 11       		.uleb128 0x11
 513 007e 01       		.uleb128 0x1
 514 007f 31       		.uleb128 0x31
 515 0080 13       		.uleb128 0x13
 516 0081 00       		.byte	0
 517 0082 00       		.byte	0
 518 0083 0A       		.uleb128 0xa
 519 0084 2E       		.uleb128 0x2e
 520 0085 00       		.byte	0
 521 0086 3F       		.uleb128 0x3f
 522 0087 19       		.uleb128 0x19
 523 0088 3C       		.uleb128 0x3c
 524 0089 19       		.uleb128 0x19
 525 008a 6E       		.uleb128 0x6e
 526 008b 0E       		.uleb128 0xe
 527 008c 03       		.uleb128 0x3
 528 008d 0E       		.uleb128 0xe
 529 008e 3A       		.uleb128 0x3a
 530 008f 0B       		.uleb128 0xb
 531 0090 3B       		.uleb128 0x3b
 532 0091 0B       		.uleb128 0xb
 533 0092 00       		.byte	0
 534 0093 00       		.byte	0
 535 0094 00       		.byte	0
 536              		.section	.debug_loc,"",%progbits
 537              	.Ldebug_loc0:
 538              	.LLST0:
 539 0000 1A000000 		.4byte	.LVL3
 540 0004 1E000000 		.4byte	.LVL4
 541 0008 0200     		.2byte	0x2
 542 000a 32       		.byte	0x32
 543 000b 9F       		.byte	0x9f
 544 000c 1E000000 		.4byte	.LVL4
 545 0010 42000000 		.4byte	.LVL10
 546 0014 0100     		.2byte	0x1
 547 0016 54       		.byte	0x54
 548 0017 44000000 		.4byte	.LVL11
 549 001b 68000000 		.4byte	.LVL17
 550 001f 0100     		.2byte	0x1
 551 0021 54       		.byte	0x54
 552 0022 00000000 		.4byte	0
 553 0026 00000000 		.4byte	0
 554              		.section	.debug_aranges,"",%progbits
 555 0000 1C000000 		.4byte	0x1c
 556 0004 0200     		.2byte	0x2
 557 0006 00000000 		.4byte	.Ldebug_info0
 558 000a 04       		.byte	0x4
 559 000b 00       		.byte	0
 560 000c 0000     		.2byte	0
 561 000e 0000     		.2byte	0
 562 0010 00000000 		.4byte	.LFB32
 563 0014 70000000 		.4byte	.LFE32-.LFB32
ARM GAS  C:\Users\user\AppData\Local\Temp\cc2ayPlg.s 			page 12


 564 0018 00000000 		.4byte	0
 565 001c 00000000 		.4byte	0
 566              		.section	.debug_ranges,"",%progbits
 567              	.Ldebug_ranges0:
 568 0000 00000000 		.4byte	.LFB32
 569 0004 70000000 		.4byte	.LFE32
 570 0008 00000000 		.4byte	0
 571 000c 00000000 		.4byte	0
 572              		.section	.debug_line,"",%progbits
 573              	.Ldebug_line0:
 574 0000 C2000000 		.section	.debug_str,"MS",%progbits,1
 574      02005E00 
 574      00000201 
 574      FB0E0D00 
 574      01010101 
 575              	.LASF6:
 576 0000 6C6F6E67 		.ascii	"long long int\000"
 576      206C6F6E 
 576      6720696E 
 576      7400
 577              	.LASF8:
 578 000e 756E7369 		.ascii	"unsigned int\000"
 578      676E6564 
 578      20696E74 
 578      00
 579              	.LASF22:
 580 001b 6D61696E 		.ascii	"main.c\000"
 580      2E6300
 581              	.LASF24:
 582 0022 6D61696E 		.ascii	"main\000"
 582      00
 583              	.LASF23:
 584 0027 433A5C55 		.ascii	"C:\\Users\\user\\Documents\\PSoC Creator\\LAB2x\\LC"
 584      73657273 
 584      5C757365 
 584      725C446F 
 584      63756D65 
 585 0054 445F4469 		.ascii	"D_Display.cydsn\000"
 585      73706C61 
 585      792E6379 
 585      64736E00 
 586              	.LASF14:
 587 0064 50696E5F 		.ascii	"Pin_A_Write\000"
 587      415F5772 
 587      69746500 
 588              	.LASF20:
 589 0070 43794465 		.ascii	"CyDelay\000"
 589      6C617900 
 590              	.LASF5:
 591 0078 6C6F6E67 		.ascii	"long unsigned int\000"
 591      20756E73 
 591      69676E65 
 591      6420696E 
 591      7400
 592              	.LASF15:
 593 008a 50696E5F 		.ascii	"Pin_K_Write\000"
 593      4B5F5772 
ARM GAS  C:\Users\user\AppData\Local\Temp\cc2ayPlg.s 			page 13


 593      69746500 
 594              	.LASF7:
 595 0096 6C6F6E67 		.ascii	"long long unsigned int\000"
 595      206C6F6E 
 595      6720756E 
 595      7369676E 
 595      65642069 
 596              	.LASF16:
 597 00ad 4C43445F 		.ascii	"LCD_Start\000"
 597      53746172 
 597      7400
 598              	.LASF9:
 599 00b7 666C6F61 		.ascii	"float\000"
 599      7400
 600              	.LASF17:
 601 00bd 4C43445F 		.ascii	"LCD_WriteControl\000"
 601      57726974 
 601      65436F6E 
 601      74726F6C 
 601      00
 602              	.LASF1:
 603 00ce 756E7369 		.ascii	"unsigned char\000"
 603      676E6564 
 603      20636861 
 603      7200
 604              	.LASF11:
 605 00dc 63686172 		.ascii	"char\000"
 605      00
 606              	.LASF4:
 607 00e1 6C6F6E67 		.ascii	"long int\000"
 607      20696E74 
 607      00
 608              	.LASF10:
 609 00ea 646F7562 		.ascii	"double\000"
 609      6C6500
 610              	.LASF18:
 611 00f1 4C43445F 		.ascii	"LCD_Position\000"
 611      506F7369 
 611      74696F6E 
 611      00
 612              	.LASF21:
 613 00fe 474E5520 		.ascii	"GNU C11 5.4.1 20160609 (release) [ARM/embedded-5-br"
 613      43313120 
 613      352E342E 
 613      31203230 
 613      31363036 
 614 0131 616E6368 		.ascii	"anch revision 237715] -mcpu=cortex-m0 -mthumb -g -O"
 614      20726576 
 614      6973696F 
 614      6E203233 
 614      37373135 
 615 0164 67202D66 		.ascii	"g -ffunction-sections -ffat-lto-objects\000"
 615      66756E63 
 615      74696F6E 
 615      2D736563 
 615      74696F6E 
 616              	.LASF3:
ARM GAS  C:\Users\user\AppData\Local\Temp\cc2ayPlg.s 			page 14


 617 018c 73686F72 		.ascii	"short unsigned int\000"
 617      7420756E 
 617      7369676E 
 617      65642069 
 617      6E7400
 618              	.LASF0:
 619 019f 7369676E 		.ascii	"signed char\000"
 619      65642063 
 619      68617200 
 620              	.LASF13:
 621 01ab 6C6F6E67 		.ascii	"long double\000"
 621      20646F75 
 621      626C6500 
 622              	.LASF2:
 623 01b7 73686F72 		.ascii	"short int\000"
 623      7420696E 
 623      7400
 624              	.LASF12:
 625 01c1 73697A65 		.ascii	"sizetype\000"
 625      74797065 
 625      00
 626              	.LASF19:
 627 01ca 4C43445F 		.ascii	"LCD_PrintString\000"
 627      5072696E 
 627      74537472 
 627      696E6700 
 628              		.ident	"GCC: (GNU Tools for ARM Embedded Processors) 5.4.1 20160609 (release) [ARM/embedded-5-bran
