ARM GAS  C:\Users\user\AppData\Local\Temp\cc2iZxyi.s 			page 1


   1              		.syntax unified
   2              		.cpu cortex-m0
   3              		.fpu softvfp
   4              		.eabi_attribute 20, 1
   5              		.eabi_attribute 21, 1
   6              		.eabi_attribute 23, 3
   7              		.eabi_attribute 24, 1
   8              		.eabi_attribute 25, 1
   9              		.eabi_attribute 26, 1
  10              		.eabi_attribute 30, 1
  11              		.eabi_attribute 34, 0
  12              		.eabi_attribute 18, 4
  13              		.thumb
  14              		.syntax unified
  15              		.file	"main.c"
  16              		.text
  17              	.Ltext0:
  18              		.cfi_sections	.debug_frame
  19              		.section	.text.main,"ax",%progbits
  20              		.align	2
  21              		.global	main
  22              		.code	16
  23              		.thumb_func
  24              		.type	main, %function
  25              	main:
  26              	.LFB32:
  27              		.file 1 "main.c"
   1:main.c        **** /* ========================================
   2:main.c        ****  *
   3:main.c        ****  * Copyright YOUR COMPANY, THE YEAR
   4:main.c        ****  * All Rights Reserved
   5:main.c        ****  * UNPUBLISHED, LICENSED SOFTWARE.
   6:main.c        ****  *
   7:main.c        ****  * CONFIDENTIAL AND PROPRIETARY INFORMATION
   8:main.c        ****  * WHICH IS THE PROPERTY OF your company.
   9:main.c        ****  *
  10:main.c        ****  * ========================================
  11:main.c        **** */
  12:main.c        **** #include "project.h"
  13:main.c        **** 
  14:main.c        **** int main(void)
  15:main.c        **** {
  28              		.loc 1 15 0
  29              		.cfi_startproc
  30              		@ Volatile: function does not return.
  31              		@ args = 0, pretend = 0, frame = 0
  32              		@ frame_needed = 0, uses_anonymous_args = 0
  33 0000 10B5     		push	{r4, lr}
  34              		.cfi_def_cfa_offset 8
  35              		.cfi_offset 4, -8
  36              		.cfi_offset 14, -4
  16:main.c        ****     CyGlobalIntEnable; /* Enable global interrupts. */
  37              		.loc 1 16 0
  38              		.syntax divided
  39              	@ 16 "main.c" 1
  40 0002 62B6     		CPSIE   i
  41              	@ 0 "" 2
ARM GAS  C:\Users\user\AppData\Local\Temp\cc2iZxyi.s 			page 2


  42              		.thumb
  43              		.syntax unified
  44              	.L2:
  17:main.c        **** 
  18:main.c        ****     /* Place your initialization/startup code here (e.g. MyInst_Start()) */
  19:main.c        **** 
  20:main.c        ****     for(;;)
  21:main.c        ****     {
  22:main.c        ****         Pin_1_Write(1);
  45              		.loc 1 22 0 discriminator 1
  46 0004 0120     		movs	r0, #1
  47 0006 FFF7FEFF 		bl	Pin_1_Write
  48              	.LVL0:
  49 000a FBE7     		b	.L2
  50              		.cfi_endproc
  51              	.LFE32:
  52              		.size	main, .-main
  53              		.text
  54              	.Letext0:
  55              		.file 2 "Generated_Source\\PSoC4/Pin_1.h"
  56              		.section	.debug_info,"",%progbits
  57              	.Ldebug_info0:
  58 0000 BF000000 		.4byte	0xbf
  59 0004 0400     		.2byte	0x4
  60 0006 00000000 		.4byte	.Ldebug_abbrev0
  61 000a 04       		.byte	0x4
  62 000b 01       		.uleb128 0x1
  63 000c 79000000 		.4byte	.LASF14
  64 0010 0C       		.byte	0xc
  65 0011 1B000000 		.4byte	.LASF15
  66 0015 48010000 		.4byte	.LASF16
  67 0019 00000000 		.4byte	.Ldebug_ranges0+0
  68 001d 00000000 		.4byte	0
  69 0021 00000000 		.4byte	.Ldebug_line0
  70 0025 02       		.uleb128 0x2
  71 0026 01       		.byte	0x1
  72 0027 06       		.byte	0x6
  73 0028 1A010000 		.4byte	.LASF0
  74 002c 02       		.uleb128 0x2
  75 002d 01       		.byte	0x1
  76 002e 08       		.byte	0x8
  77 002f 56000000 		.4byte	.LASF1
  78 0033 02       		.uleb128 0x2
  79 0034 02       		.byte	0x2
  80 0035 05       		.byte	0x5
  81 0036 3E010000 		.4byte	.LASF2
  82 003a 02       		.uleb128 0x2
  83 003b 02       		.byte	0x2
  84 003c 07       		.byte	0x7
  85 003d 07010000 		.4byte	.LASF3
  86 0041 02       		.uleb128 0x2
  87 0042 04       		.byte	0x4
  88 0043 05       		.byte	0x5
  89 0044 69000000 		.4byte	.LASF4
  90 0048 02       		.uleb128 0x2
  91 0049 04       		.byte	0x4
  92 004a 07       		.byte	0x7
ARM GAS  C:\Users\user\AppData\Local\Temp\cc2iZxyi.s 			page 3


  93 004b 27000000 		.4byte	.LASF5
  94 004f 02       		.uleb128 0x2
  95 0050 08       		.byte	0x8
  96 0051 05       		.byte	0x5
  97 0052 00000000 		.4byte	.LASF6
  98 0056 02       		.uleb128 0x2
  99 0057 08       		.byte	0x8
 100 0058 07       		.byte	0x7
 101 0059 39000000 		.4byte	.LASF7
 102 005d 03       		.uleb128 0x3
 103 005e 04       		.byte	0x4
 104 005f 05       		.byte	0x5
 105 0060 696E7400 		.ascii	"int\000"
 106 0064 02       		.uleb128 0x2
 107 0065 04       		.byte	0x4
 108 0066 07       		.byte	0x7
 109 0067 0E000000 		.4byte	.LASF8
 110 006b 02       		.uleb128 0x2
 111 006c 04       		.byte	0x4
 112 006d 04       		.byte	0x4
 113 006e 50000000 		.4byte	.LASF9
 114 0072 02       		.uleb128 0x2
 115 0073 08       		.byte	0x8
 116 0074 04       		.byte	0x4
 117 0075 72000000 		.4byte	.LASF10
 118 0079 02       		.uleb128 0x2
 119 007a 01       		.byte	0x1
 120 007b 08       		.byte	0x8
 121 007c 64000000 		.4byte	.LASF11
 122 0080 02       		.uleb128 0x2
 123 0081 08       		.byte	0x8
 124 0082 04       		.byte	0x4
 125 0083 32010000 		.4byte	.LASF12
 126 0087 02       		.uleb128 0x2
 127 0088 04       		.byte	0x4
 128 0089 07       		.byte	0x7
 129 008a 87010000 		.4byte	.LASF13
 130 008e 04       		.uleb128 0x4
 131 008f 22000000 		.4byte	.LASF17
 132 0093 01       		.byte	0x1
 133 0094 0E       		.byte	0xe
 134 0095 5D000000 		.4byte	0x5d
 135 0099 00000000 		.4byte	.LFB32
 136 009d 0C000000 		.4byte	.LFE32-.LFB32
 137 00a1 01       		.uleb128 0x1
 138 00a2 9C       		.byte	0x9c
 139 00a3 B7000000 		.4byte	0xb7
 140 00a7 05       		.uleb128 0x5
 141 00a8 0A000000 		.4byte	.LVL0
 142 00ac B7000000 		.4byte	0xb7
 143 00b0 06       		.uleb128 0x6
 144 00b1 01       		.uleb128 0x1
 145 00b2 50       		.byte	0x50
 146 00b3 01       		.uleb128 0x1
 147 00b4 31       		.byte	0x31
 148 00b5 00       		.byte	0
 149 00b6 00       		.byte	0
ARM GAS  C:\Users\user\AppData\Local\Temp\cc2iZxyi.s 			page 4


 150 00b7 07       		.uleb128 0x7
 151 00b8 26010000 		.4byte	.LASF18
 152 00bc 26010000 		.4byte	.LASF18
 153 00c0 02       		.byte	0x2
 154 00c1 33       		.byte	0x33
 155 00c2 00       		.byte	0
 156              		.section	.debug_abbrev,"",%progbits
 157              	.Ldebug_abbrev0:
 158 0000 01       		.uleb128 0x1
 159 0001 11       		.uleb128 0x11
 160 0002 01       		.byte	0x1
 161 0003 25       		.uleb128 0x25
 162 0004 0E       		.uleb128 0xe
 163 0005 13       		.uleb128 0x13
 164 0006 0B       		.uleb128 0xb
 165 0007 03       		.uleb128 0x3
 166 0008 0E       		.uleb128 0xe
 167 0009 1B       		.uleb128 0x1b
 168 000a 0E       		.uleb128 0xe
 169 000b 55       		.uleb128 0x55
 170 000c 17       		.uleb128 0x17
 171 000d 11       		.uleb128 0x11
 172 000e 01       		.uleb128 0x1
 173 000f 10       		.uleb128 0x10
 174 0010 17       		.uleb128 0x17
 175 0011 00       		.byte	0
 176 0012 00       		.byte	0
 177 0013 02       		.uleb128 0x2
 178 0014 24       		.uleb128 0x24
 179 0015 00       		.byte	0
 180 0016 0B       		.uleb128 0xb
 181 0017 0B       		.uleb128 0xb
 182 0018 3E       		.uleb128 0x3e
 183 0019 0B       		.uleb128 0xb
 184 001a 03       		.uleb128 0x3
 185 001b 0E       		.uleb128 0xe
 186 001c 00       		.byte	0
 187 001d 00       		.byte	0
 188 001e 03       		.uleb128 0x3
 189 001f 24       		.uleb128 0x24
 190 0020 00       		.byte	0
 191 0021 0B       		.uleb128 0xb
 192 0022 0B       		.uleb128 0xb
 193 0023 3E       		.uleb128 0x3e
 194 0024 0B       		.uleb128 0xb
 195 0025 03       		.uleb128 0x3
 196 0026 08       		.uleb128 0x8
 197 0027 00       		.byte	0
 198 0028 00       		.byte	0
 199 0029 04       		.uleb128 0x4
 200 002a 2E       		.uleb128 0x2e
 201 002b 01       		.byte	0x1
 202 002c 3F       		.uleb128 0x3f
 203 002d 19       		.uleb128 0x19
 204 002e 03       		.uleb128 0x3
 205 002f 0E       		.uleb128 0xe
 206 0030 3A       		.uleb128 0x3a
ARM GAS  C:\Users\user\AppData\Local\Temp\cc2iZxyi.s 			page 5


 207 0031 0B       		.uleb128 0xb
 208 0032 3B       		.uleb128 0x3b
 209 0033 0B       		.uleb128 0xb
 210 0034 27       		.uleb128 0x27
 211 0035 19       		.uleb128 0x19
 212 0036 49       		.uleb128 0x49
 213 0037 13       		.uleb128 0x13
 214 0038 8701     		.uleb128 0x87
 215 003a 19       		.uleb128 0x19
 216 003b 11       		.uleb128 0x11
 217 003c 01       		.uleb128 0x1
 218 003d 12       		.uleb128 0x12
 219 003e 06       		.uleb128 0x6
 220 003f 40       		.uleb128 0x40
 221 0040 18       		.uleb128 0x18
 222 0041 9742     		.uleb128 0x2117
 223 0043 19       		.uleb128 0x19
 224 0044 01       		.uleb128 0x1
 225 0045 13       		.uleb128 0x13
 226 0046 00       		.byte	0
 227 0047 00       		.byte	0
 228 0048 05       		.uleb128 0x5
 229 0049 898201   		.uleb128 0x4109
 230 004c 01       		.byte	0x1
 231 004d 11       		.uleb128 0x11
 232 004e 01       		.uleb128 0x1
 233 004f 31       		.uleb128 0x31
 234 0050 13       		.uleb128 0x13
 235 0051 00       		.byte	0
 236 0052 00       		.byte	0
 237 0053 06       		.uleb128 0x6
 238 0054 8A8201   		.uleb128 0x410a
 239 0057 00       		.byte	0
 240 0058 02       		.uleb128 0x2
 241 0059 18       		.uleb128 0x18
 242 005a 9142     		.uleb128 0x2111
 243 005c 18       		.uleb128 0x18
 244 005d 00       		.byte	0
 245 005e 00       		.byte	0
 246 005f 07       		.uleb128 0x7
 247 0060 2E       		.uleb128 0x2e
 248 0061 00       		.byte	0
 249 0062 3F       		.uleb128 0x3f
 250 0063 19       		.uleb128 0x19
 251 0064 3C       		.uleb128 0x3c
 252 0065 19       		.uleb128 0x19
 253 0066 6E       		.uleb128 0x6e
 254 0067 0E       		.uleb128 0xe
 255 0068 03       		.uleb128 0x3
 256 0069 0E       		.uleb128 0xe
 257 006a 3A       		.uleb128 0x3a
 258 006b 0B       		.uleb128 0xb
 259 006c 3B       		.uleb128 0x3b
 260 006d 0B       		.uleb128 0xb
 261 006e 00       		.byte	0
 262 006f 00       		.byte	0
 263 0070 00       		.byte	0
ARM GAS  C:\Users\user\AppData\Local\Temp\cc2iZxyi.s 			page 6


 264              		.section	.debug_aranges,"",%progbits
 265 0000 1C000000 		.4byte	0x1c
 266 0004 0200     		.2byte	0x2
 267 0006 00000000 		.4byte	.Ldebug_info0
 268 000a 04       		.byte	0x4
 269 000b 00       		.byte	0
 270 000c 0000     		.2byte	0
 271 000e 0000     		.2byte	0
 272 0010 00000000 		.4byte	.LFB32
 273 0014 0C000000 		.4byte	.LFE32-.LFB32
 274 0018 00000000 		.4byte	0
 275 001c 00000000 		.4byte	0
 276              		.section	.debug_ranges,"",%progbits
 277              	.Ldebug_ranges0:
 278 0000 00000000 		.4byte	.LFB32
 279 0004 0C000000 		.4byte	.LFE32
 280 0008 00000000 		.4byte	0
 281 000c 00000000 		.4byte	0
 282              		.section	.debug_line,"",%progbits
 283              	.Ldebug_line0:
 284 0000 5A000000 		.section	.debug_str,"MS",%progbits,1
 284      02003F00 
 284      00000201 
 284      FB0E0D00 
 284      01010101 
 285              	.LASF6:
 286 0000 6C6F6E67 		.ascii	"long long int\000"
 286      206C6F6E 
 286      6720696E 
 286      7400
 287              	.LASF8:
 288 000e 756E7369 		.ascii	"unsigned int\000"
 288      676E6564 
 288      20696E74 
 288      00
 289              	.LASF15:
 290 001b 6D61696E 		.ascii	"main.c\000"
 290      2E6300
 291              	.LASF17:
 292 0022 6D61696E 		.ascii	"main\000"
 292      00
 293              	.LASF5:
 294 0027 6C6F6E67 		.ascii	"long unsigned int\000"
 294      20756E73 
 294      69676E65 
 294      6420696E 
 294      7400
 295              	.LASF7:
 296 0039 6C6F6E67 		.ascii	"long long unsigned int\000"
 296      206C6F6E 
 296      6720756E 
 296      7369676E 
 296      65642069 
 297              	.LASF9:
 298 0050 666C6F61 		.ascii	"float\000"
 298      7400
 299              	.LASF1:
ARM GAS  C:\Users\user\AppData\Local\Temp\cc2iZxyi.s 			page 7


 300 0056 756E7369 		.ascii	"unsigned char\000"
 300      676E6564 
 300      20636861 
 300      7200
 301              	.LASF11:
 302 0064 63686172 		.ascii	"char\000"
 302      00
 303              	.LASF4:
 304 0069 6C6F6E67 		.ascii	"long int\000"
 304      20696E74 
 304      00
 305              	.LASF10:
 306 0072 646F7562 		.ascii	"double\000"
 306      6C6500
 307              	.LASF14:
 308 0079 474E5520 		.ascii	"GNU C11 5.4.1 20160609 (release) [ARM/embedded-5-br"
 308      43313120 
 308      352E342E 
 308      31203230 
 308      31363036 
 309 00ac 616E6368 		.ascii	"anch revision 237715] -mcpu=cortex-m0 -mthumb -g -O"
 309      20726576 
 309      6973696F 
 309      6E203233 
 309      37373135 
 310 00df 67202D66 		.ascii	"g -ffunction-sections -ffat-lto-objects\000"
 310      66756E63 
 310      74696F6E 
 310      2D736563 
 310      74696F6E 
 311              	.LASF3:
 312 0107 73686F72 		.ascii	"short unsigned int\000"
 312      7420756E 
 312      7369676E 
 312      65642069 
 312      6E7400
 313              	.LASF0:
 314 011a 7369676E 		.ascii	"signed char\000"
 314      65642063 
 314      68617200 
 315              	.LASF18:
 316 0126 50696E5F 		.ascii	"Pin_1_Write\000"
 316      315F5772 
 316      69746500 
 317              	.LASF12:
 318 0132 6C6F6E67 		.ascii	"long double\000"
 318      20646F75 
 318      626C6500 
 319              	.LASF2:
 320 013e 73686F72 		.ascii	"short int\000"
 320      7420696E 
 320      7400
 321              	.LASF16:
 322 0148 433A5C55 		.ascii	"C:\\Users\\user\\Documents\\PSoC Creator\\Bootloade"
 322      73657273 
 322      5C757365 
 322      725C446F 
ARM GAS  C:\Users\user\AppData\Local\Temp\cc2iZxyi.s 			page 8


 322      63756D65 
 323 0176 725C4465 		.ascii	"r\\Design01.cydsn\000"
 323      7369676E 
 323      30312E63 
 323      7964736E 
 323      00
 324              	.LASF13:
 325 0187 73697A65 		.ascii	"sizetype\000"
 325      74797065 
 325      00
 326              		.ident	"GCC: (GNU Tools for ARM Embedded Processors) 5.4.1 20160609 (release) [ARM/embedded-5-bran
